####################################################
Added support: 
sunxi spi flash: Booting from SPI Flash
Winbond Nor Flash W25Q64JV
README: Details are mentioned below
####################################################

1. drivers/mtd/spi/spi_flash_ids.c:	
	"{"w25q64jv",	   INFO(0xef7017, 0x0,	64 * 1024,   128, RD_FULL | WR_QPP | SECT_4K) }," 
	Line @162

2. include/configs/sunxi-common.h: 
	+ "#define CONFIG_ENV_IS_IN_SPI_FLASH 1".   Line @139	
	"#define CONFIG_ENV_IS_IN_MMC        0".  Line @145
	"#define CONFIG_ENV_OFFSET       0x80000." Line @182
	+ "#define CONFIG_ENV_SECT_SIZE    (128 << 9)" Line @185
	"#define CONFIG_ENV_SIZE         (128 << 9)" Line @184

3. drivers/spi/sunxi_spi.c:
	+ "size_t buf_offset = 0;" Line @ 247
	+ "buf_offset += nbytes;" Line @ 277
	"sunxi_spi_write(dev, tx_buf + buf_offset, nbytes);" Line @ 262

4. include/configs/sunxi-common.h:
	+ "bcount=0\0" \    Line @504
    + "dtaddr=0x76000\0" \
    + "dtsize=0x4000\0" \
    + "kimgaddr=0x9F000\0" \
    + "kimgsize=0x59999A\0" \
    + "blimit=5\0" \
    + "korigimgaddr=0x9F000\0" \
    + "korigimgsize=0x59999A\0" \
    + "dtorigaddr=0x76000\0" \
    + "dtorigsize=0x4000\0" \    Line @513
	
5. copy the "configs/orangepi_zero_defconfig" to configs/ directory 

6. edit distro_bootcmd command in include/config_distro_bootcmd.h file as below
	"distro_bootcmd=" BOOTENV_SET_SCSI_NEED_INIT                      \
        "sf probe 0;" \
        "sf read 0x43100000 0x7B000 0x384;" \
       "source 0x43100000" \
       "\0"

	After adding the new custom environment variables, cross compile the 
	u-boot src again and use the new image to boot the board.
	
	Stop the booting process by pressing any key on the keyboard, type the f	following commands on the uboot command shell:
		env default -a
		saveenv
	
